<?xml version="1.0" encoding="UTF-8"?>
<testng-results ignored="0" total="1" passed="1" failed="0" skipped="0">
  <reporter-output>
  </reporter-output>
  <suite started-at="2020-04-17T13:49:08 CEST" name="Default suite" finished-at="2020-04-17T13:49:17 CEST" duration-ms="9163">
    <groups>
    </groups>
    <test started-at="2020-04-17T13:49:08 CEST" name="Default test" finished-at="2020-04-17T13:49:17 CEST" duration-ms="9163">
      <class name="newtest.TestGET">
        <test-method signature="test()[pri:0, instance:newtest.TestGET@1ebd319f]" started-at="2020-04-17T13:49:08 CEST" name="test" finished-at="2020-04-17T13:49:17 CEST" duration-ms="9031" status="PASS">
          <reporter-output>
          </reporter-output>
        </test-method> <!-- test -->
      </class> <!-- newtest.TestGET -->
    </test> <!-- Default test -->
  </suite> <!-- Default suite -->
</testng-results>
